<?xml version="1.0" encoding="UTF-8"?>
<testng-results skipped="0" failed="0" total="1" passed="1">
  <reporter-output>
  </reporter-output>
  <suite name="Command line suite" duration-ms="25" started-at="2015-08-03T07:27:07Z" finished-at="2015-08-03T07:27:07Z">
    <groups>
    </groups>
    <test name="Command line test" duration-ms="25" started-at="2015-08-03T07:27:07Z" finished-at="2015-08-03T07:27:07Z">
      <class name="OlaTest.OlaRestApiTest.AppTest">
        <test-method status="PASS" signature="testApp()[pri:0, instance:testApp(OlaTest.OlaRestApiTest.AppTest)]" name="testApp" duration-ms="2" started-at="2015-08-03T13:27:07Z" finished-at="2015-08-03T13:27:07Z">
          <reporter-output>
          </reporter-output>
        </test-method> <!-- testApp -->
      </class> <!-- OlaTest.OlaRestApiTest.AppTest -->
    </test> <!-- Command line test -->
  </suite> <!-- Command line suite -->
</testng-results>
