<?xml version="1.0" encoding="UTF-8"?>
<!-- Generated by org.testng.reporters.JUnitXMLReporter -->
<testsuite hostname="DELL-PC" name="Default test" tests="4" failures="0" timestamp="21 Oct 2015 14:24:18 GMT" time="5.918" errors="0">
  <testcase name="extract_email_and_validations" time="2.512" classname="OlaTest.OlaRestApiTest.RestCountriesApiTest"/>
  <testcase name="extract_username_and_validations" time="0.954" classname="OlaTest.OlaRestApiTest.RestCountriesApiTest"/>
  <testcase name="getCountryInfo" time="0.897" classname="OlaTest.OlaRestApiTest.RestCountriesApiTest"/>
  <testcase name="getCountryInfoWithLog" time="1.026" classname="OlaTest.OlaRestApiTest.RestCountriesApiTest"/>
</testsuite> <!-- Default test -->
