<?xml version="1.0" encoding="UTF-8"?>
<testng-results skipped="0" failed="0" total="1" passed="1">
  <reporter-output>
  </reporter-output>
  <suite name="Default suite" duration-ms="4708" started-at="2015-10-29T11:35:32Z" finished-at="2015-10-29T11:35:36Z">
    <groups>
    </groups>
    <test name="Default test" duration-ms="4708" started-at="2015-10-29T11:35:32Z" finished-at="2015-10-29T11:35:36Z">
      <class name="OlaTest.OlaRestApiTest.RestCountriesApiTest">
        <test-method status="PASS" signature="setupURL()[pri:0, instance:OlaTest.OlaRestApiTest.RestCountriesApiTest@2ab8cdc7]" name="setupURL" is-config="true" duration-ms="528" started-at="2015-10-29T17:35:32Z" finished-at="2015-10-29T17:35:32Z">
          <reporter-output>
          </reporter-output>
        </test-method> <!-- setupURL -->
        <test-method status="PASS" signature="getCountryInfo()[pri:0, instance:OlaTest.OlaRestApiTest.RestCountriesApiTest@2ab8cdc7]" name="getCountryInfo" duration-ms="4162" started-at="2015-10-29T17:35:32Z" finished-at="2015-10-29T17:35:36Z">
          <reporter-output>
          </reporter-output>
        </test-method> <!-- getCountryInfo -->
      </class> <!-- OlaTest.OlaRestApiTest.RestCountriesApiTest -->
    </test> <!-- Default test -->
  </suite> <!-- Default suite -->
</testng-results>
