<?xml version="1.0" encoding="UTF-8"?>
<testng-results skipped="0" failed="0" total="4" passed="4">
  <reporter-output>
  </reporter-output>
  <suite name="Default suite" duration-ms="5918" started-at="2015-10-21T14:24:12Z" finished-at="2015-10-21T14:24:17Z">
    <groups>
    </groups>
    <test name="Default test" duration-ms="5918" started-at="2015-10-21T14:24:12Z" finished-at="2015-10-21T14:24:17Z">
      <class name="OlaTest.OlaRestApiTest.RestCountriesApiTest">
        <test-method status="PASS" signature="setupURL()[pri:0, instance:OlaTest.OlaRestApiTest.RestCountriesApiTest@5737be7]" name="setupURL" is-config="true" duration-ms="498" started-at="2015-10-21T20:24:12Z" finished-at="2015-10-21T20:24:12Z">
          <reporter-output>
          </reporter-output>
        </test-method> <!-- setupURL -->
        <test-method status="PASS" signature="extract_email_and_validations()[pri:0, instance:OlaTest.OlaRestApiTest.RestCountriesApiTest@5737be7]" name="extract_email_and_validations" duration-ms="2512" started-at="2015-10-21T20:24:12Z" finished-at="2015-10-21T20:24:15Z">
          <reporter-output>
          </reporter-output>
        </test-method> <!-- extract_email_and_validations -->
        <test-method status="PASS" signature="extract_username_and_validations()[pri:0, instance:OlaTest.OlaRestApiTest.RestCountriesApiTest@5737be7]" name="extract_username_and_validations" duration-ms="954" started-at="2015-10-21T20:24:15Z" finished-at="2015-10-21T20:24:16Z">
          <reporter-output>
          </reporter-output>
        </test-method> <!-- extract_username_and_validations -->
        <test-method status="PASS" signature="getCountryInfo()[pri:0, instance:OlaTest.OlaRestApiTest.RestCountriesApiTest@5737be7]" name="getCountryInfo" duration-ms="897" started-at="2015-10-21T20:24:16Z" finished-at="2015-10-21T20:24:16Z">
          <reporter-output>
          </reporter-output>
        </test-method> <!-- getCountryInfo -->
        <test-method status="PASS" signature="getCountryInfoWithLog()[pri:0, instance:OlaTest.OlaRestApiTest.RestCountriesApiTest@5737be7]" name="getCountryInfoWithLog" duration-ms="1026" started-at="2015-10-21T20:24:16Z" finished-at="2015-10-21T20:24:17Z">
          <reporter-output>
          </reporter-output>
        </test-method> <!-- getCountryInfoWithLog -->
      </class> <!-- OlaTest.OlaRestApiTest.RestCountriesApiTest -->
    </test> <!-- Default test -->
  </suite> <!-- Default suite -->
</testng-results>
